2021-07-21 08:37:10[Browser Return]
response_type = 0
account = 214123
terminal = 21412303
signValue = FC0CC58FA950C81625E6CA5995494719041A364CEF8A2C4C0EA7AC6F9E1EA56B
methods = Konbini
order_number = 2000000009
order_currency = JPY
order_amount = 8912.00
order_notes = 2000000009
card_number = 
card_type = null
payment_country = HK
payment_id = 210721163710194412379
payment_Method = Konbini
payment_authType = 0
payment_status = 0
payment_details = 30001:Card brand or payment method is not accepted.
payment_solutions = 
payment_risk = 
payment_amount = null
payment_exchangeRate = null
pay_userId = null
pay_barCode = 
*****************************************
2021-07-21 08:37:07[POST to Oceanpayment]
account = 214123
terminal = 21412303
order_number = 2000000009
order_currency = JPY
order_amount = 8912
backUrl = https://www.broadout.co.jp/japan/oceanpaymentkonbini/payment/back/
noticeUrl = https://www.broadout.co.jp/japan/oceanpaymentkonbini/payment/notice/
order_notes = 2000000009
methods = Konbini
signValue = 8ba12c37d1f8337d9daa84e7d0d10de1c0c213ce20bcf5c50b957046308aee5f
billing_firstName = test
billing_lastName = test
billing_email = 573285075@qq.com
billing_phone = 1525235
billing_country = JP
billing_state = 
billing_city = 444
billing_address = ËÆ¢Âçï, 1111
billing_zip = 54000
ship_firstName = test
ship_lastName = test
ship_phone = 1525235
ship_country = JP
ship_state = 
ship_city = 444
ship_addr = ËÆ¢Âçï, 1111
ship_zip = 54000
productName = FUNDANGO „Ç≥„ÉÉ„Éà 200
productSku = 9C2001_BEIGE-JPBO;9C2001_BEIGE-JPBO
productNum = 1;1
productPrice = 8912.00;0.00
cart_info = PC
cart_api = V1.8.4
pages = 0
*****************************************
2021-07-21 08:11:42[POST to Oceanpayment]
account = 214123
terminal = 21412303
order_number = 2000000007
order_currency = JPY
order_amount = 5799
backUrl = https://www.broadout.co.jp/japan/oceanpaymentkonbini/payment/back/
noticeUrl = https://www.broadout.co.jp/japan/oceanpaymentkonbini/payment/notice/
order_notes = 2000000007
methods = Konbini
signValue = 1160d9b92c773b5f185a702bfd24c500631f1c79018e5cb7046d029ce99e7ae1
billing_firstName = test
billing_lastName = test
billing_email = 573285075@qq.com
billing_phone = 1525235
billing_country = JP
billing_state = 
billing_city = 444
billing_address = ËÆ¢Âçï, 1111
billing_zip = 54000
ship_firstName = test
ship_lastName = test
ship_phone = 1525235
ship_country = JP
ship_state = 
ship_city = 444
ship_addr = ËÆ¢Âçï, 1111
ship_zip = 54000
productName = KingCampÁä¨Áî® „Éö„ÉÉ„
productSku = KKC2102_BLACK_JPBO
productNum = 1
productPrice = 5249.00
cart_info = PC
cart_api = V1.8.4
pages = 0
*****************************************
2021-07-21 05:40:44[POST to Oceanpayment]
account = 214123
terminal = 21412303
order_number = 2000000003
order_currency = JPY
order_amount = 674
backUrl = https://www.broadout.co.jp/japan/oceanpaymentkonbini/payment/back/
noticeUrl = https://www.broadout.co.jp/japan/oceanpaymentkonbini/payment/notice/
order_notes = 2000000003
methods = Konbini
signValue = c287856c8db175c0df25f827a16a60d75187e0fb277447a82b6533cb4cb56a21
billing_firstName = David
billing_lastName = Krueger
billing_email = yuanzelin8@126.com
billing_phone = 3253795072
billing_country = US
billing_state = TX
billing_city = Tow
billing_address = 3507 Seth Street
billing_zip = 78672
ship_firstName = Ëµ§Ë∞∑
ship_lastName = Áõ¥Â≠ê
ship_phone = +8120-930-6845
ship_country = JP
ship_state = „Éà„Ç¶„Ç≠„Éß„Ç¶„Éà
ship_city = „Éè„ÉÅ„Ç™„Ç¶„Ç∏„Ç∑
ship_addr = „Éà„Ç¶„Ç≠„Éß„Ç¶„Éà, „Éè„ÉÅ„Ç™„Ç¶„Ç∏„Ç∑, „Ç™„Ç™„Éï„Éç„Éû„ÉÅ, 246-1163
ship_zip = 246-1163
productName = KingCamp „Ç¢„Ç¶„Éà„Éâ„
productSku = KC2006_YELLOW-JPBO
productNum = 1
productPrice = 123.49
cart_info = PC
cart_api = V1.8.4
pages = 0
*****************************************
