2021-07-21 09:32:14[POST to Oceanpayment]
account = 214123
terminal = 21412303
order_number = 2000000010
order_currency = JPY
order_amount = 8912.00
backUrl = https://www.broadout.co.jp/japan/oceanpaymentcreditcard/payment/back/
noticeUrl = https://www.broadout.co.jp/japan/oceanpaymentcreditcard/payment/notice/
order_notes = 2000000010
methods = Credit Card
signValue = bd8242df6a31f1e9d51d2b0afd5464ff1a2849c1278ef5908d9313d5f6424f6c
billing_firstName = David
billing_lastName = Krueger
billing_email = yuanzelin8@126.com
billing_phone = 325-379-5072
billing_country = US
billing_state = TX
billing_city = Tow
billing_address = 3507 Seth Street
billing_zip = 78672
ship_firstName = 赤谷
ship_lastName = 直子
ship_phone = +8120-930-6845
ship_country = JP
ship_state = トウキョウト
ship_city = ハチオウジシ
ship_addr = トウキョウト, ハチオウジシ, オオフネマチ, 246-1163
ship_zip = 246-1163
productName = FUNDANGO コット 200x69x17cm 折りたたみベッド 軽量 耐荷重120kg コンパクト 簡易 レジャー 昼寝 ベランダ ベッド アウトドア キャンプ ツーリング 防災 収納袋付き;FUNDANGO コット 200x69x17cm 折りたたみベッド 軽量 耐荷重120kg コンパクト 簡易 レジャー 昼寝 ベランダ ベッド アウトドア キャンプ ツーリング 防災 収納袋付き
productSku = 9C2001_BLACK-JPBO;9C2001_BLACK-JPBO
productNum = 1;1
productPrice = 8912.00;0.00
cart_info = Magento 2.x
cart_api = V1.1.0
pages = 0
*****************************************
2021-07-21 09:27:26[Browser Return]
response_type = 0
account = 214123
terminal = 21412303
signValue = 26824FC2AEEE69A9DAF2B1B708EBF9848D240A7B5D5D14DE7600BECB40B68D3F
methods = Credit Card
order_number = 2000000011
order_currency = JPY
order_amount = 8912.00
order_notes = 2000000011
card_number = 411111***1111
card_type = null
payment_country = HK
payment_id = 210721172638770412373
payment_Method = Credit Card
payment_authType = 0
payment_status = 0
payment_details = 10000:Payment is declined
payment_solutions = Your payment request is declined, please contact customer service for more details.
payment_risk = Fraud=100.13(R000001=100.13%,); totalScore=100.13
payment_amount = null
payment_exchangeRate = null
pay_userId = null
pay_barCode = 
*****************************************
2021-07-21 09:26:37[POST to Oceanpayment]
account = 214123
terminal = 21412303
order_number = 2000000011
order_currency = JPY
order_amount = 8912.00
backUrl = https://www.broadout.co.jp/japan/oceanpaymentcreditcard/payment/back/
noticeUrl = https://www.broadout.co.jp/japan/oceanpaymentcreditcard/payment/notice/
order_notes = 2000000011
methods = Credit Card
signValue = 0fa07fa52e3a9b8a120e24af219bc4a4472690c61a3cc4ce62c7a17bed9f483b
billing_firstName = test
billing_lastName = test
billing_email = 573285075@qq.com
billing_phone = 1525235
billing_country = JP
billing_state = 
billing_city = 444
billing_address = 订单, 1111
billing_zip = 54000
ship_firstName = test
ship_lastName = test
ship_phone = 1525235
ship_country = JP
ship_state = 
ship_city = 444
ship_addr = 订单, 1111
ship_zip = 54000
productName = FUNDANGO コット 200x69x17cm 折りたたみベッド 軽量 耐荷重120kg コンパクト 簡易 レジャー 昼寝 ベランダ ベッド アウトドア キャンプ ツーリング 防災 収納袋付き;FUNDANGO コット 200x69x17cm 折りたたみベッド 軽量 耐荷重120kg コンパクト 簡易 レジャー 昼寝 ベランダ ベッド アウトドア キャンプ ツーリング 防災 収納袋付き
productSku = 9C2001_BEIGE-JPBO;9C2001_BEIGE-JPBO
productNum = 1;1
productPrice = 8912.00;0.00
cart_info = Magento 2.x
cart_api = V1.1.0
pages = 0
*****************************************
2021-07-21 08:24:41[POST to Oceanpayment]
account = 214123
terminal = 21412303
order_number = 2000000008
order_currency = JPY
order_amount = 4136.00
backUrl = https://www.broadout.co.jp/japan/oceanpaymentcreditcard/payment/back/
noticeUrl = https://www.broadout.co.jp/japan/oceanpaymentcreditcard/payment/notice/
order_notes = 2000000008
methods = Credit Card
signValue = dff8f6c27b06ca2f9f8b346bf7fa55ea12641cbcec76b3d3bd07437177c95c43
billing_firstName = test
billing_lastName = test
billing_email = 573285075@qq.com
billing_phone = 1525235
billing_country = JP
billing_state = 
billing_city = 444
billing_address = 订单, 1111
billing_zip = 54000
ship_firstName = test
ship_lastName = test
ship_phone = 1525235
ship_country = JP
ship_state = 
ship_city = 444
ship_addr = 订单, 1111
ship_zip = 54000
productName = KingCamp マット コット用マット アウトドアベッド 203*72cm フランネル コットン 暖かい 厚手 折りたたみマット コンパクト お昼寝 車中泊 テント泊 キャンプ 防災用 KM2108
productSku = KM2108_BLUE-JPBO
productNum = 1
productPrice = 3586.00
cart_info = Magento 2.x
cart_api = V1.1.0
pages = 0
*****************************************
2021-07-21 08:10:33[POST to Oceanpayment]
account = 214123
terminal = 21412303
order_number = 2000000006
order_currency = JPY
order_amount = 3195.00
backUrl = https://www.broadout.co.jp/japan/oceanpaymentcreditcard/payment/back/
noticeUrl = https://www.broadout.co.jp/japan/oceanpaymentcreditcard/payment/notice/
order_notes = 2000000006
methods = Credit Card
signValue = 8b3d7bfc66261be22c252901c903e2ad6acd390e8b3b27f8f1c8ae33febf25e1
billing_firstName = test
billing_lastName = test
billing_email = 573285075@qq.com
billing_phone = 1525235
billing_country = JP
billing_state = 
billing_city = 444
billing_address = 订单, 1111
billing_zip = 54000
ship_firstName = test
ship_lastName = test
ship_phone = 1525235
ship_country = JP
ship_state = 
ship_city = 444
ship_addr = 订单, 1111
ship_zip = 54000
productName = COOK'N'ESCAPE アウトドア用マグカップ チタン マグ シェラカップ 超軽量 収納袋付 専用収納袋付 FDA&LGFB食品グレード製品認証 指紋防止加工
productSku = CA2007_GREY-JPBO
productNum = 1
productPrice = 2645.00
cart_info = Magento 2.x
cart_api = V1.1.0
pages = 0
*****************************************
2021-07-21 08:08:37[POST to Oceanpayment]
account = 214123
terminal = 21412303
order_number = 2000000006
order_currency = JPY
order_amount = 3195.00
backUrl = https://www.broadout.co.jp/japan/oceanpaymentcreditcard/payment/back/
noticeUrl = https://www.broadout.co.jp/japan/oceanpaymentcreditcard/payment/notice/
order_notes = 2000000006
methods = Credit Card
signValue = 8b3d7bfc66261be22c252901c903e2ad6acd390e8b3b27f8f1c8ae33febf25e1
billing_firstName = test
billing_lastName = test
billing_email = 573285075@qq.com
billing_phone = 1525235
billing_country = JP
billing_state = 
billing_city = 444
billing_address = 订单, 1111
billing_zip = 54000
ship_firstName = test
ship_lastName = test
ship_phone = 1525235
ship_country = JP
ship_state = 
ship_city = 444
ship_addr = 订单, 1111
ship_zip = 54000
productName = COOK'N'ESCAPE アウトドア用マグカップ チタン マグ シェラカップ 超軽量 収納袋付 専用収納袋付 FDA&LGFB食品グレード製品認証 指紋防止加工
productSku = CA2007_GREY-JPBO
productNum = 1
productPrice = 2645.00
cart_info = Magento 2.x
cart_api = V1.1.0
pages = 0
*****************************************
2021-07-21 07:48:19[POST to Oceanpayment]
account = 214123
terminal = 21412303
order_number = 2000000005
order_currency = JPY
order_amount = 8024.00
backUrl = https://www.broadout.co.jp/japan/oceanpaymentcreditcard/payment/back/
noticeUrl = https://www.broadout.co.jp/japan/oceanpaymentcreditcard/payment/notice/
order_notes = 2000000005
methods = Credit Card
signValue = cc5d4a8e0298b127143a4c1c0ba16dd3eacacc242b62942aa2a42e27f043b00e
billing_firstName = Alvin
billing_lastName = Pendergrass
billing_email = qwertyuiop@gmail.com
billing_phone = 5092149785
billing_country = JP
billing_state = ASD
billing_city = Houston
billing_address = 4660 Dane Street, 1111111
billing_zip = 77093
ship_firstName = Alvin
ship_lastName = Pendergrass
ship_phone = 5092149785
ship_country = JP
ship_state = ASD
ship_city = Houston
ship_addr = 4660 Dane Street, 1111111
ship_zip = 77093
productName = FUNDANGO 折りたたみベッド ワイドアウトドア  簡易 スチール製 丈夫 安定性抜群 コンパクト 収納袋付き
productSku = 9C2102_BLACK/GREYCHECKER-JPBO
productNum = 1
productPrice = 8024.00
cart_info = Magento 2.x
cart_api = V1.1.0
pages = 0
*****************************************
2021-07-21 07:43:36[POST to Oceanpayment]
account = 214123
terminal = 21412303
order_number = 2000000004
order_currency = JPY
order_amount = 9704.00
backUrl = https://www.broadout.co.jp/japan/oceanpaymentcreditcard/payment/back/
noticeUrl = https://www.broadout.co.jp/japan/oceanpaymentcreditcard/payment/notice/
order_notes = 2000000004
methods = Credit Card
signValue = 9f2bd62d07a2416750512f286ac9edf9e47f7b5d65d88e148f193fc57a7899dd
billing_firstName = Alvin
billing_lastName = Pendergrass
billing_email = qwertyuiop@gmail.com
billing_phone = 5092149785
billing_country = JP
billing_state = ASD
billing_city = Houston
billing_address = 4660 Dane Street, 1111111
billing_zip = 77093
ship_firstName = Alvin
ship_lastName = Pendergrass
ship_phone = 5092149785
ship_country = JP
ship_state = ASD
ship_city = Houston
ship_addr = 4660 Dane Street, 1111111
ship_zip = 77093
productName = KingCamp 改良品 コット 国際デザイン大賞 キャンプコット 簡易 コンパクト 折りたたみ ベッド 超軽量 航空アルミ 5色 収納袋付き 防水 通気性;KingCamp 改良品 コット 国際デザイン大賞 キャンプコット 簡易 コンパクト 折りたたみ ベッド 超軽量 航空アルミ 5色 収納袋付き 防水 通気性-Black
productSku = KC3986_BLACK-JPBO;KC3986_BLACK-JPBO
productNum = 1;1
productPrice = 9704.00;0.00
cart_info = Magento 2.x
cart_api = V1.1.0
pages = 0
*****************************************
2021-07-21 07:43:18[POST to Oceanpayment]
account = 214123
terminal = 21412303
order_number = 2000000004
order_currency = JPY
order_amount = 9704.00
backUrl = https://www.broadout.co.jp/japan/oceanpaymentcreditcard/payment/back/
noticeUrl = https://www.broadout.co.jp/japan/oceanpaymentcreditcard/payment/notice/
order_notes = 2000000004
methods = Credit Card
signValue = 9f2bd62d07a2416750512f286ac9edf9e47f7b5d65d88e148f193fc57a7899dd
billing_firstName = Alvin
billing_lastName = Pendergrass
billing_email = qwertyuiop@gmail.com
billing_phone = 5092149785
billing_country = JP
billing_state = ASD
billing_city = Houston
billing_address = 4660 Dane Street, 1111111
billing_zip = 77093
ship_firstName = Alvin
ship_lastName = Pendergrass
ship_phone = 5092149785
ship_country = JP
ship_state = ASD
ship_city = Houston
ship_addr = 4660 Dane Street, 1111111
ship_zip = 77093
productName = KingCamp 改良品 コット 国際デザイン大賞 キャンプコット 簡易 コンパクト 折りたたみ ベッド 超軽量 航空アルミ 5色 収納袋付き 防水 通気性;KingCamp 改良品 コット 国際デザイン大賞 キャンプコット 簡易 コンパクト 折りたたみ ベッド 超軽量 航空アルミ 5色 収納袋付き 防水 通気性-Black
productSku = KC3986_BLACK-JPBO;KC3986_BLACK-JPBO
productNum = 1;1
productPrice = 9704.00;0.00
cart_info = Magento 2.x
cart_api = V1.1.0
pages = 0
*****************************************
2021-07-21 07:43:05[POST to Oceanpayment]
account = 214123
terminal = 21412303
order_number = 2000000004
order_currency = JPY
order_amount = 9704.00
backUrl = https://www.broadout.co.jp/japan/oceanpaymentcreditcard/payment/back/
noticeUrl = https://www.broadout.co.jp/japan/oceanpaymentcreditcard/payment/notice/
order_notes = 2000000004
methods = Credit Card
signValue = 9f2bd62d07a2416750512f286ac9edf9e47f7b5d65d88e148f193fc57a7899dd
billing_firstName = Alvin
billing_lastName = Pendergrass
billing_email = qwertyuiop@gmail.com
billing_phone = 5092149785
billing_country = JP
billing_state = ASD
billing_city = Houston
billing_address = 4660 Dane Street, 1111111
billing_zip = 77093
ship_firstName = Alvin
ship_lastName = Pendergrass
ship_phone = 5092149785
ship_country = JP
ship_state = ASD
ship_city = Houston
ship_addr = 4660 Dane Street, 1111111
ship_zip = 77093
productName = KingCamp 改良品 コット 国際デザイン大賞 キャンプコット 簡易 コンパクト 折りたたみ ベッド 超軽量 航空アルミ 5色 収納袋付き 防水 通気性;KingCamp 改良品 コット 国際デザイン大賞 キャンプコット 簡易 コンパクト 折りたたみ ベッド 超軽量 航空アルミ 5色 収納袋付き 防水 通気性-Black
productSku = KC3986_BLACK-JPBO;KC3986_BLACK-JPBO
productNum = 1;1
productPrice = 9704.00;0.00
cart_info = Magento 2.x
cart_api = V1.1.0
pages = 0
*****************************************
2021-07-21 04:15:24[POST to Oceanpayment]
account = 214123
terminal = 21412303
order_number = 2000000002
order_currency = JPY
order_amount = 5840.00
backUrl = https://www.broadout.co.jp/japan/oceanpaymentcreditcard/payment/back/
noticeUrl = https://www.broadout.co.jp/japan/oceanpaymentcreditcard/payment/notice/
order_notes = 2000000002
methods = Credit Card
signValue = 96b13035cf2b5f9c488106c6e6a7400bc5af0f0b61173fd3e85348329f8d41aa
billing_firstName = David
billing_lastName = Krueger
billing_email = yuanzelin8@126.com
billing_phone = 325-379-5072
billing_country = US
billing_state = TX
billing_city = Tow
billing_address = 3507 Seth Street
billing_zip = 78672
ship_firstName = 赤谷
ship_lastName = 直子
ship_phone = +8120-930-6845
ship_country = JP
ship_state = トウキョウト
ship_city = ハチオウジシ
ship_addr = トウキョウト, ハチオウジシ, オオフネマチ, 246-1163
ship_zip = 246-1163
productName = COOK'N'ESCAPE アウトドア用マグカップ チタン マグ シェラカップ 超軽量 収納袋付 専用収納袋付 FDA&LGFB食品グレード製品認証 指紋防止加工
productSku = CA2007_GREY-JPBO
productNum = 2
productPrice = 2645.00
cart_info = Magento 2.x
cart_api = V1.1.0
pages = 0
*****************************************
